#
# There is insufficient memory for the Java Runtime Environment to continue.
# Native memory allocation (malloc) failed to allocate 49456 bytes for Chunk::new
# Possible reasons:
#   The system is out of physical RAM or swap space
#   In 32 bit mode, the process size limit was hit
# Possible solutions:
#   Reduce memory load on the system
#   Increase physical memory or swap space
#   Check if swap backing store is full
#   Use 64 bit Java on a 64 bit OS
#   Decrease Java heap size (-Xmx/-Xms)
#   Decrease number of Java threads
#   Decrease Java thread stack sizes (-Xss)
#   Set larger code cache with -XX:ReservedCodeCacheSize=
# This output file may be truncated or incomplete.
#
#  Out of Memory Error (allocation.cpp:390), pid=2308, tid=0x00000000000037f8
#
# JRE version: OpenJDK Runtime Environment (8.0) (build 1.8.0-adoptopenjdk-_2018_05_19_00_59-b00)
# Java VM: OpenJDK 64-Bit Server VM (25.71-b00 mixed mode windows-amd64 compressed oops)
# Failed to write core dump. Minidumps are not enabled by default on client versions of Windows
#

---------------  T H R E A D  ---------------

Current thread (0x000000001c19a000):  JavaThread "C2 CompilerThread2" daemon [_thread_in_native, id=14328, stack(0x000000001cb70000,0x000000001cc70000)]

Stack: [0x000000001cb70000,0x000000001cc70000]
[error occurred during error reporting (printing stack bounds), id 0xc0000005]

Native frames: (J=compiled Java code, j=interpreted, Vv=VM code, C=native code)


Current CompileTask:
C2:    173  238       4       java.lang.String::equals (81 bytes)


---------------  P R O C E S S  ---------------

Java Threads: ( => current thread )
  0x000000001c1db000 JavaThread "Service Thread" daemon [_thread_blocked, id=19400, stack(0x000000001cd70000,0x000000001ce70000)]
  0x000000001c19e800 JavaThread "C1 CompilerThread3" daemon [_thread_in_vm, id=9136, stack(0x000000001cc70000,0x000000001cd70000)]
=>0x000000001c19a000 JavaThread "C2 CompilerThread2" daemon [_thread_in_native, id=14328, stack(0x000000001cb70000,0x000000001cc70000)]
  0x000000001c197800 JavaThread "C2 CompilerThread1" daemon [_thread_in_native, id=13824, stack(0x000000001ca70000,0x000000001cb70000)]
  0x000000001c195000 JavaThread "C2 CompilerThread0" daemon [_thread_blocked, id=2128, stack(0x000000001c970000,0x000000001ca70000)]
  0x000000001c192800 JavaThread "Attach Listener" daemon [_thread_blocked, id=19324, stack(0x000000001c870000,0x000000001c970000)]
  0x000000001c191800 JavaThread "Signal Dispatcher" daemon [_thread_blocked, id=5768, stack(0x000000001c770000,0x000000001c870000)]
  0x000000001c180800 JavaThread "Finalizer" daemon [_thread_blocked, id=19484, stack(0x000000001c560000,0x000000001c660000)]
  0x0000000002e0b000 JavaThread "Reference Handler" daemon [_thread_blocked, id=3908, stack(0x000000001c060000,0x000000001c160000)]
  0x0000000002d14800 JavaThread "main" [_thread_in_vm, id=11912, stack(0x0000000002bd0000,0x0000000002cd0000)]

Other Threads:
  0x000000001a277000 VMThread [stack: 0x000000001bf60000,0x000000001c060000] [id=8472]
  0x000000001c1dc000 WatcherThread [stack: 0x000000001ce70000,0x000000001cf70000] [id=23108]

VM state:not at safepoint (normal execution)

VM Mutex/Monitor currently owned by a thread:  ([mutex/lock_event])
[0x0000000002d118d0] CodeCache_lock - owner thread: 0x0000000000000000

Heap:
 PSYoungGen      total 56832K, used 6028K [0x0000000780c00000, 0x0000000784b00000, 0x00000007c0000000)
  eden space 49152K, 12% used [0x0000000780c00000,0x00000007811e3148,0x0000000783c00000)
  from space 7680K, 0% used [0x0000000784380000,0x0000000784380000,0x0000000784b00000)
  to   space 7680K, 0% used [0x0000000783c00000,0x0000000783c00000,0x0000000784380000)
 ParOldGen       total 130048K, used 0K [0x0000000702400000, 0x000000070a300000, 0x0000000780c00000)
  object space 130048K, 0% used [0x0000000702400000,0x0000000702400000,0x000000070a300000)
 Metaspace       used 4721K, capacity 5032K, committed 5248K, reserved 1056768K
  class space    used 520K, capacity 568K, committed 640K, reserved 1048576K

Card table byte_map: [0x00000000121d0000,0x00000000127c0000] byte_map_base: 0x000000000e9be000

Marking Bits: (ParMarkBitMap*) 0x0000000071f4be50
 Begin Bits: [0x00000000133c0000, 0x0000000016330000)
 End Bits:   [0x0000000016330000, 0x00000000192a0000)

Polling page: 0x00000000013b0000

CodeCache: size=245760Kb used=1584Kb max_used=1594Kb free=244175Kb
 bounds [0x0000000002e10000, 0x0000000003080000, 0x0000000011e10000]
 total_blobs=536 nmethods=271 adapters=179
 compilation: enabled

Compilation events (10 events):
Event: 0.171 Thread 0x000000001c19e800  236   !   3       java.lang.invoke.MemberName::getMethodType (208 bytes)
Event: 0.172 Thread 0x000000001c19e800 nmethod 236 0x0000000002f92ed0 code [0x0000000002f93160, 0x0000000002f94958]
Event: 0.172 Thread 0x000000001c19e800  242       1       java.lang.invoke.MethodType::form (5 bytes)
Event: 0.172 Thread 0x000000001c19e800 nmethod 242 0x0000000002f954d0 code [0x0000000002f95620, 0x0000000002f95730]
Event: 0.172 Thread 0x000000001c19e800  243       1       java.lang.invoke.MethodType::ptypes (5 bytes)
Event: 0.172 Thread 0x000000001c19e800 nmethod 243 0x0000000002f95790 code [0x0000000002f958e0, 0x0000000002f959f0]
Event: 0.172 Thread 0x000000001c19e800  246       3       java.lang.Object::equals (11 bytes)
Event: 0.172 Thread 0x000000001c19e800 nmethod 246 0x0000000002f95a50 code [0x0000000002f95ba0, 0x0000000002f95d50]
Event: 0.172 Thread 0x000000001c19e800  247       3       jdk.internal.org.objectweb.asm.ByteVector::put12 (64 bytes)
Event: 0.172 Thread 0x000000001c19e800 nmethod 247 0x0000000002f95dd0 code [0x0000000002f95f40, 0x0000000002f961c8]

GC Heap History (0 events):
No events

Deoptimization events (0 events):
No events

Classes redefined (0 events):
No events

Internal exceptions (10 events):
Event: 0.142 Thread 0x0000000002d14800 Exception <a 'java/security/PrivilegedActionException'> (0x0000000780feb368) thrown at [C:\Users\jenkins\workspace\openjdk8_build_x86-64_windows\openjdk\hotspot\src\share\vm\prims\jvm.cpp, line 1435]
Event: 0.142 Thread 0x0000000002d14800 Exception <a 'java/security/PrivilegedActionException'> (0x0000000780feb578) thrown at [C:\Users\jenkins\workspace\openjdk8_build_x86-64_windows\openjdk\hotspot\src\share\vm\prims\jvm.cpp, line 1435]
Event: 0.142 Thread 0x0000000002d14800 Exception <a 'java/security/PrivilegedActionException'> (0x0000000780fed358) thrown at [C:\Users\jenkins\workspace\openjdk8_build_x86-64_windows\openjdk\hotspot\src\share\vm\prims\jvm.cpp, line 1435]
Event: 0.142 Thread 0x0000000002d14800 Exception <a 'java/security/PrivilegedActionException'> (0x0000000780fed568) thrown at [C:\Users\jenkins\workspace\openjdk8_build_x86-64_windows\openjdk\hotspot\src\share\vm\prims\jvm.cpp, line 1435]
Event: 0.143 Thread 0x0000000002d14800 Exception <a 'java/security/PrivilegedActionException'> (0x0000000780fef408) thrown at [C:\Users\jenkins\workspace\openjdk8_build_x86-64_windows\openjdk\hotspot\src\share\vm\prims\jvm.cpp, line 1435]
Event: 0.143 Thread 0x0000000002d14800 Exception <a 'java/security/PrivilegedActionException'> (0x0000000780fef618) thrown at [C:\Users\jenkins\workspace\openjdk8_build_x86-64_windows\openjdk\hotspot\src\share\vm\prims\jvm.cpp, line 1435]
Event: 0.143 Thread 0x0000000002d14800 Exception <a 'java/security/PrivilegedActionException'> (0x0000000780ff1e30) thrown at [C:\Users\jenkins\workspace\openjdk8_build_x86-64_windows\openjdk\hotspot\src\share\vm\prims\jvm.cpp, line 1435]
Event: 0.143 Thread 0x0000000002d14800 Exception <a 'java/security/PrivilegedActionException'> (0x0000000780ff2040) thrown at [C:\Users\jenkins\workspace\openjdk8_build_x86-64_windows\openjdk\hotspot\src\share\vm\prims\jvm.cpp, line 1435]
Event: 0.143 Thread 0x0000000002d14800 Exception <a 'java/security/PrivilegedActionException'> (0x0000000780ff4188) thrown at [C:\Users\jenkins\workspace\openjdk8_build_x86-64_windows\openjdk\hotspot\src\share\vm\prims\jvm.cpp, line 1435]
Event: 0.143 Thread 0x0000000002d14800 Exception <a 'java/security/PrivilegedActionException'> (0x0000000780ff4398) thrown at [C:\Users\jenkins\workspace\openjdk8_build_x86-64_windows\openjdk\hotspot\src\share\vm\prims\jvm.cpp, line 1435]

Events (10 events):
Event: 0.170 loading class java/lang/invoke/MethodHandleImpl$AsVarargsCollector
Event: 0.170 loading class java/lang/invoke/DelegatingMethodHandle
Event: 0.170 loading class java/lang/invoke/DelegatingMethodHandle done
Event: 0.170 loading class java/lang/invoke/MethodHandleImpl$AsVarargsCollector done
Event: 0.170 loading class java/lang/invoke/WrongMethodTypeException
Event: 0.170 loading class java/lang/invoke/WrongMethodTypeException done
Event: 0.171 loading class java/lang/invoke/MethodHandleImpl$Lazy
Event: 0.171 loading class java/lang/invoke/MethodHandleImpl$Lazy done
Event: 0.171 loading class java/lang/invoke/MethodHandleImpl$IntrinsicMethodHandle
Event: 0.171 loading class java/lang/invoke/MethodHandleImpl$IntrinsicMethodHandle done


Dynamic libraries:
0x00007ff607110000 - 0x00007ff607145000 	C:\Program Files\Unity\Hub\Editor\2019.3.0f1\Editor\Data\PlaybackEngines\AndroidPlayer\OpenJDK\bin\java.exe
0x00007ffe632c0000 - 0x00007ffe634b0000 	C:\WINDOWS\SYSTEM32\ntdll.dll
0x00007ffe61890000 - 0x00007ffe61942000 	C:\WINDOWS\System32\KERNEL32.DLL
0x00007ffe61010000 - 0x00007ffe612b3000 	C:\WINDOWS\System32\KERNELBASE.dll
0x00007ffe62990000 - 0x00007ffe62a33000 	C:\WINDOWS\System32\ADVAPI32.dll
0x00007ffe616f0000 - 0x00007ffe6178e000 	C:\WINDOWS\System32\msvcrt.dll
0x00007ffe61370000 - 0x00007ffe61407000 	C:\WINDOWS\System32\sechost.dll
0x00007ffe61500000 - 0x00007ffe61620000 	C:\WINDOWS\System32\RPCRT4.dll
0x00007ffe62720000 - 0x00007ffe628b4000 	C:\WINDOWS\System32\USER32.dll
0x00007ffe60cf0000 - 0x00007ffe60d11000 	C:\WINDOWS\System32\win32u.dll
0x00007ffe61410000 - 0x00007ffe61436000 	C:\WINDOWS\System32\GDI32.dll
0x00007ffe60d80000 - 0x00007ffe60f14000 	C:\WINDOWS\System32\gdi32full.dll
0x00007ffe60f20000 - 0x00007ffe60fbe000 	C:\WINDOWS\System32\msvcp_win.dll
0x00007ffe603c0000 - 0x00007ffe604ba000 	C:\WINDOWS\System32\ucrtbase.dll
0x00007ffe55ea0000 - 0x00007ffe56125000 	C:\WINDOWS\WinSxS\amd64_microsoft.windows.common-controls_6595b64144ccf1df_6.0.18362.657_none_e6c5b579130e3898\COMCTL32.dll
0x00007ffe62c50000 - 0x00007ffe62f86000 	C:\WINDOWS\System32\combase.dll
0x00007ffe60c70000 - 0x00007ffe60cf0000 	C:\WINDOWS\System32\bcryptPrimitives.dll
0x00007ffe61b10000 - 0x00007ffe61b3e000 	C:\WINDOWS\System32\IMM32.DLL
0x0000000071fd0000 - 0x00000000720a2000 	C:\Program Files\Unity\Hub\Editor\2019.3.0f1\Editor\Data\PlaybackEngines\AndroidPlayer\OpenJDK\jre\bin\msvcr100.dll
0x0000000071780000 - 0x0000000071fc9000 	C:\Program Files\Unity\Hub\Editor\2019.3.0f1\Editor\Data\PlaybackEngines\AndroidPlayer\OpenJDK\jre\bin\server\jvm.dll
0x00007ffe63010000 - 0x00007ffe63018000 	C:\WINDOWS\System32\PSAPI.DLL
0x00007ffe45ff0000 - 0x00007ffe45ff9000 	C:\WINDOWS\SYSTEM32\WSOCK32.dll
0x00007ffe541e0000 - 0x00007ffe54204000 	C:\WINDOWS\SYSTEM32\WINMM.dll
0x00007ffe5ab80000 - 0x00007ffe5ab8a000 	C:\WINDOWS\SYSTEM32\VERSION.dll
0x00007ffe63210000 - 0x00007ffe6327f000 	C:\WINDOWS\System32\WS2_32.dll
0x00007ffe541b0000 - 0x00007ffe541dd000 	C:\WINDOWS\SYSTEM32\WINMMBASE.dll
0x00007ffe60fc0000 - 0x00007ffe6100a000 	C:\WINDOWS\System32\cfgmgr32.dll
0x00007ffe5b220000 - 0x00007ffe5b22f000 	C:\Program Files\Unity\Hub\Editor\2019.3.0f1\Editor\Data\PlaybackEngines\AndroidPlayer\OpenJDK\jre\bin\verify.dll
0x00007ffe3f650000 - 0x00007ffe3f679000 	C:\Program Files\Unity\Hub\Editor\2019.3.0f1\Editor\Data\PlaybackEngines\AndroidPlayer\OpenJDK\jre\bin\java.dll
0x00007ffe42b20000 - 0x00007ffe42b36000 	C:\Program Files\Unity\Hub\Editor\2019.3.0f1\Editor\Data\PlaybackEngines\AndroidPlayer\OpenJDK\jre\bin\zip.dll
0x00007ffe61b40000 - 0x00007ffe62225000 	C:\WINDOWS\System32\SHELL32.dll
0x00007ffe62ba0000 - 0x00007ffe62c49000 	C:\WINDOWS\System32\shcore.dll
0x00007ffe604c0000 - 0x00007ffe60c3f000 	C:\WINDOWS\System32\windows.storage.dll
0x00007ffe601e0000 - 0x00007ffe601ff000 	C:\WINDOWS\System32\profapi.dll
0x00007ffe60200000 - 0x00007ffe6024a000 	C:\WINDOWS\System32\powrprof.dll
0x00007ffe60190000 - 0x00007ffe601a0000 	C:\WINDOWS\System32\UMPDC.dll
0x00007ffe61440000 - 0x00007ffe61492000 	C:\WINDOWS\System32\shlwapi.dll
0x00007ffe601a0000 - 0x00007ffe601b1000 	C:\WINDOWS\System32\kernel.appcore.dll
0x00007ffe60250000 - 0x00007ffe60267000 	C:\WINDOWS\System32\cryptsp.dll

VM Arguments:
jvm_args: -Dcom.android.sdkmanager.toolsdir=C:\Program Files\Unity\Hub\Editor\2019.3.0f1\Editor\Data\PlaybackEngines\AndroidPlayer\SDK\tools\bin\\.. 
java_command: com.android.sdklib.tool.AvdManagerCli list target -c
java_class_path (initial): C:\Program Files\Unity\Hub\Editor\2019.3.0f1\Editor\Data\PlaybackEngines\AndroidPlayer\SDK\tools\bin\..\lib\dvlib-26.0.0-dev.jar;C:\Program Files\Unity\Hub\Editor\2019.3.0f1\Editor\Data\PlaybackEngines\AndroidPlayer\SDK\tools\bin\..\lib\jimfs-1.1.jar;C:\Program Files\Unity\Hub\Editor\2019.3.0f1\Editor\Data\PlaybackEngines\AndroidPlayer\SDK\tools\bin\..\lib\jsr305-1.3.9.jar;C:\Program Files\Unity\Hub\Editor\2019.3.0f1\Editor\Data\PlaybackEngines\AndroidPlayer\SDK\tools\bin\..\lib\repository-26.0.0-dev.jar;C:\Program Files\Unity\Hub\Editor\2019.3.0f1\Editor\Data\PlaybackEngines\AndroidPlayer\SDK\tools\bin\..\lib\j2objc-annotations-1.1.jar;C:\Program Files\Unity\Hub\Editor\2019.3.0f1\Editor\Data\PlaybackEngines\AndroidPlayer\SDK\tools\bin\..\lib\layoutlib-api-26.0.0-dev.jar;C:\Program Files\Unity\Hub\Editor\2019.3.0f1\Editor\Data\PlaybackEngines\AndroidPlayer\SDK\tools\bin\..\lib\gson-2.3.jar;C:\Program Files\Unity\Hub\Editor\2019.3.0f1\Editor\Data\PlaybackEngines\AndroidPlayer\SDK\tools\bin\..\lib\httpcore-4.2.5.jar;C:\Program Files\Unity\Hub\Editor\2019.3.0f1\Editor\Data\PlaybackEngines\AndroidPlayer\SDK\tools\bin\..\lib\commons-logging-1.1.1.jar;C:\Program Files\Unity\Hub\Editor\2019.3.0f1\Editor\Data\PlaybackEngines\AndroidPlayer\SDK\tools\bin\..\lib\commons-compress-1.12.jar;C:\Program Files\Unity\Hub\Editor\2019.3.0f1\Editor\Data\PlaybackEngines\AndroidPlayer\SDK\tools\bin\..\lib\annotations-26.0.0-dev.jar;C:\Program Files\Unity\Hub\Editor\2019.3.0f1\Editor\Data\PlaybackEngines\AndroidPlayer\SDK\tools\bin\..\lib\error_prone_annotations-2.0.18.jar;C:\Program Files\Unity\Hub\Editor\2019.3.0f1\Editor\Data\PlaybackEngines\AndroidPlayer\SDK\tools\bin\..\lib\animal-sniffer-annotations-1.14.jar;C:\Program Files\Unity\Hub\Editor\2019.3.0f1\Editor\Data\PlaybackEngines\AndroidPlayer\SDK\tools\bin\..\lib\httpclient-4.2.6.jar;C:\Program Files\Unity\Hub\Editor\2019.3.0f1\Editor\Data\PlaybackEngines\AndroidPlayer\SDK\tools\bin\..\lib\commons-codec-
Launcher Type: SUN_STANDARD

Environment Variables:
JAVA_HOME=C:/Program Files/Unity/Hub/Editor/2019.3.0f1/Editor/Data/PlaybackEngines/AndroidPlayer\OpenJDK
PATH=C:\Program Files\Oculus\Support\oculus-runtime;C:\Program Files (x86)\Common Files\Oracle\Java\javapath;C:\windows\system32;C:\windows;C:\windows\System32\Wbem;C:\windows\System32\WindowsPowerShell\v1.0\;C:\Program Files (x86)\NVIDIA Corporation\PhysX\Common;C:\Program Files\dotnet\;C:\Program Files\Microsoft SQL Server\130\Tools\Binn\;C:\WINDOWS\system32;C:\WINDOWS;C:\WINDOWS\System32\Wbem;C:\WINDOWS\System32\WindowsPowerShell\v1.0\;C:\WINDOWS\System32\OpenSSH\;C:\Program Files (x86)\QuickTime\QTSystem\;C:\Program Files\nodejs\;C:\Program Files\Intel\WiFi\bin\;C:\Program Files\Common Files\Intel\WirelessCommon\;C:\Program Files (x86)\File Viewer Lite\lib\magick;C:\Program Files\Git\cmd;C:\WINDOWS\system32;C:\WINDOWS;C:\WINDOWS\System32\Wbem;C:\WINDOWS\System32\WindowsPowerShell\v1.0\;C:\WINDOWS\System32\OpenSSH\;C:\MinGW\bin;C:\Program Files (x86)\GtkSharp\2.12\bin;C:\Users\pedro\AppData\Local\Programs\Python\Python36;C:\Users\pedro\AppData\Local\Programs\Python\Python36\Scripts\;C:\Users\pedro\AppData\Local\Programs\Python\Python36\;C:\Users\pedro\AppData\Local\Programs\Python\Launcher\;C:\Users\pedro\AppData\Local\Microsoft\WindowsApps;C:\Users\pedro\AppData\Local\Programs\Microsoft VS Code\bin;C:\Users\pedro\AppData\Roaming\npm;C:\Users\pedro\.dotnet\tools;C:\Flutter\flutter\bin;C:\Users\pedro\AppData\Local\Microsoft\WindowsApps
USERNAME=pedro
OS=Windows_NT
PROCESSOR_IDENTIFIER=Intel64 Family 6 Model 158 Stepping 10, GenuineIntel



---------------  S Y S T E M  ---------------

OS: Windows 10.0 , 64 bit Build 18362 (10.0.18362.329)

CPU:total 8 (initial active 8) (4 cores per cpu, 2 threads per core) family 6 model 158 stepping 10, cmov, cx8, fxsr, mmx, sse, sse2, sse3, ssse3, sse4.1, sse4.2, popcnt, avx, avx2, aes, clmul, erms, 3dnowpref, lzcnt, ht, tsc, tscinvbit, bmi1, bmi2, adx

Memory: 4k page, physical 12427392k(2339468k free), swap 17547392k(3408k free)

vm_info: OpenJDK 64-Bit Server VM (25.71-b00) for windows-amd64 JRE (1.8.0-adoptopenjdk-_2018_05_19_00_59-b00), built on May 19 2018 01:02:12 by "jenkins" with MS VC++ 10.0 (VS2010)

time: Mon Feb 17 23:45:18 2020
elapsed time: 0 seconds (0d 0h 0m 0s)

